c:\game\flappybird\flappybird\x64\debug\vc143.pdb
c:\game\flappybird\flappybird\x64\debug\vc143.idb
c:\game\flappybird\flappybird\x64\debug\main.obj
c:\game\flappybird\flappybird\x64\debug\global.obj
c:\game\flappybird\flappybird\x64\debug\function.obj
c:\game\flappybird\flappybird\x64\debug\constant.h.ifc
c:\game\flappybird\flappybird\x64\debug\constant.h.ifc.d.json
c:\game\flappybird\flappybird\x64\debug\constant.h.obj
c:\game\flappybird\flappybird\x64\debug\constant.h.module.json
c:\game\flappybird\flappybird\x64\debug\flappybird.ilk
c:\game\flappybird\flappybird\x64\debug\game.obj
c:\game\flappybird\x64\debug\flappybird.pdb
c:\game\flappybird\flappybird\x64\debug\flappybird.tlog\cl.command.1.tlog
c:\game\flappybird\flappybird\x64\debug\flappybird.tlog\cl.items.tlog
c:\game\flappybird\flappybird\x64\debug\flappybird.tlog\cl.read.1.tlog
c:\game\flappybird\flappybird\x64\debug\flappybird.tlog\cl.write.1.tlog
c:\game\flappybird\flappybird\x64\debug\flappybird.tlog\link.13896-cvtres.read.1.tlog
c:\game\flappybird\flappybird\x64\debug\flappybird.tlog\link.13896-cvtres.write.1.tlog
c:\game\flappybird\flappybird\x64\debug\flappybird.tlog\link.13896-rc.read.1.tlog
c:\game\flappybird\flappybird\x64\debug\flappybird.tlog\link.13896-rc.write.1.tlog
c:\game\flappybird\flappybird\x64\debug\flappybird.tlog\link.13896.read.1.tlog
c:\game\flappybird\flappybird\x64\debug\flappybird.tlog\link.13896.read.2.tlog
c:\game\flappybird\flappybird\x64\debug\flappybird.tlog\link.13896.write.1.tlog
c:\game\flappybird\flappybird\x64\debug\flappybird.tlog\link.command.1.tlog
c:\game\flappybird\flappybird\x64\debug\flappybird.tlog\link.read.1.tlog
c:\game\flappybird\flappybird\x64\debug\flappybird.tlog\link.secondary.1.tlog
c:\game\flappybird\flappybird\x64\debug\flappybird.tlog\link.write.1.tlog
c:\game\flappybird\flappybird\x64\debug\flappybird_md.tlog\cl.command.1.tlog
c:\game\flappybird\flappybird\x64\debug\flappybird_md.tlog\microsoft.build.cpptasks.cl.read.1.tlog
c:\game\flappybird\flappybird\x64\debug\flappybird_md.tlog\microsoft.build.cpptasks.cl.write.1.tlog
