  Scanning sources for module dependencies...
  constant.h
  Compiling...
  constant.h
C:\game\flappybird\flappybird\constant.h(2,11): warning C5260: the constant variable 'widthwindow' has internal linkage in an included header file context, but external linkage in imported header unit context; consider declaring it 'inline' as well if it will be shared across translation units, or 'static' to express intent to use it local to this translation unit
C:\game\flappybird\flappybird\constant.h(3,11): warning C5260: the constant variable 'heighwindow' has internal linkage in an included header file context, but external linkage in imported header unit context; consider declaring it 'inline' as well if it will be shared across translation units, or 'static' to express intent to use it local to this translation unit
C:\game\flappybird\flappybird\constant.h(4,11): warning C5260: the constant variable 'birdsize' has internal linkage in an included header file context, but external linkage in imported header unit context; consider declaring it 'inline' as well if it will be shared across translation units, or 'static' to express intent to use it local to this translation unit
C:\game\flappybird\flappybird\constant.h(5,11): warning C5260: the constant variable 'g' has internal linkage in an included header file context, but external linkage in imported header unit context; consider declaring it 'inline' as well if it will be shared across translation units, or 'static' to express intent to use it local to this translation unit
C:\game\flappybird\flappybird\constant.h(6,11): warning C5260: the constant variable 'jump' has internal linkage in an included header file context, but external linkage in imported header unit context; consider declaring it 'inline' as well if it will be shared across translation units, or 'static' to express intent to use it local to this translation unit
C:\game\flappybird\flappybird\constant.h(7,11): warning C5260: the constant variable 'dis_tance2cols' has internal linkage in an included header file context, but external linkage in imported header unit context; consider declaring it 'inline' as well if it will be shared across translation units, or 'static' to express intent to use it local to this translation unit
C:\game\flappybird\flappybird\constant.h(8,11): warning C5260: the constant variable 'widthcol' has internal linkage in an included header file context, but external linkage in imported header unit context; consider declaring it 'inline' as well if it will be shared across translation units, or 'static' to express intent to use it local to this translation unit
C:\game\flappybird\flappybird\constant.h(11,11): warning C5260: the constant variable 'BUTTON_WIDTH' has internal linkage in an included header file context, but external linkage in imported header unit context; consider declaring it 'inline' as well if it will be shared across translation units, or 'static' to express intent to use it local to this translation unit
C:\game\flappybird\flappybird\constant.h(12,11): warning C5260: the constant variable 'BUTTON_HEIGHT' has internal linkage in an included header file context, but external linkage in imported header unit context; consider declaring it 'inline' as well if it will be shared across translation units, or 'static' to express intent to use it local to this translation unit
C:\game\flappybird\flappybird\constant.h(13,11): warning C5260: the constant variable 'BUTTON_DISTANCE' has internal linkage in an included header file context, but external linkage in imported header unit context; consider declaring it 'inline' as well if it will be shared across translation units, or 'static' to express intent to use it local to this translation unit
C:\game\flappybird\flappybird\constant.h(14,11): warning C5260: the constant variable 'TITLE_HEIGH' has internal linkage in an included header file context, but external linkage in imported header unit context; consider declaring it 'inline' as well if it will be shared across translation units, or 'static' to express intent to use it local to this translation unit
C:\game\flappybird\flappybird\constant.h(15,11): warning C5260: the constant variable 'SCORE_BOTTOM' has internal linkage in an included header file context, but external linkage in imported header unit context; consider declaring it 'inline' as well if it will be shared across translation units, or 'static' to express intent to use it local to this translation unit
C:\game\flappybird\flappybird\constant.h(16,11): warning C5260: the constant variable 'ANIMATION_SPEED' has internal linkage in an included header file context, but external linkage in imported header unit context; consider declaring it 'inline' as well if it will be shared across translation units, or 'static' to express intent to use it local to this translation unit
  function.cpp
  global.cpp
  main.cpp
  Generating Code...
  flappybird.vcxproj -> C:\game\flappybird\x64\Debug\flappybird.exe
